  Box.cpp
c:\users\dell\gamedirectx\mmx3\demodirectx\demodirectx\gameobjects\entity\entity.h(73): warning C4244: '=': conversion from 'int' to 'float', possible loss of data
c:\users\dell\gamedirectx\mmx3\demodirectx\demodirectx\gameobjects\entity\entity.h(74): warning C4244: 'return': conversion from 'float' to 'int', possible loss of data
c:\users\dell\gamedirectx\mmx3\demodirectx\demodirectx\gameobjects\entity\entity.h(76): warning C4244: '=': conversion from 'int' to 'float', possible loss of data
c:\users\dell\gamedirectx\mmx3\demodirectx\demodirectx\gameobjects\entity\entity.h(77): warning C4244: 'return': conversion from 'float' to 'int', possible loss of data
c:\users\dell\gamedirectx\mmx3\demodirectx\demodirectx\box.cpp(35): warning C4244: '=': conversion from 'float' to 'LONG', possible loss of data
c:\users\dell\gamedirectx\mmx3\demodirectx\demodirectx\box.cpp(37): warning C4244: '=': conversion from 'float' to 'LONG', possible loss of data
  GameEffect.cpp
c:\users\dell\gamedirectx\mmx3\demodirectx\demodirectx\gameobjects\entity\entity.h(73): warning C4244: '=': conversion from 'int' to 'float', possible loss of data
c:\users\dell\gamedirectx\mmx3\demodirectx\demodirectx\gameobjects\entity\entity.h(74): warning C4244: 'return': conversion from 'float' to 'int', possible loss of data
c:\users\dell\gamedirectx\mmx3\demodirectx\demodirectx\gameobjects\entity\entity.h(76): warning C4244: '=': conversion from 'int' to 'float', possible loss of data
c:\users\dell\gamedirectx\mmx3\demodirectx\demodirectx\gameobjects\entity\entity.h(77): warning C4244: 'return': conversion from 'float' to 'int', possible loss of data
c:\users\dell\gamedirectx\mmx3\demodirectx\demodirectx\gameeffect.cpp(12): warning C4305: 'argument': truncation from 'double' to 'float'
  BangerBullet.cpp
c:\users\dell\gamedirectx\mmx3\demodirectx\demodirectx\gameobjects\entity\entity.h(73): warning C4244: '=': conversion from 'int' to 'float', possible loss of data
c:\users\dell\gamedirectx\mmx3\demodirectx\demodirectx\gameobjects\entity\entity.h(74): warning C4244: 'return': conversion from 'float' to 'int', possible loss of data
c:\users\dell\gamedirectx\mmx3\demodirectx\demodirectx\gameobjects\entity\entity.h(76): warning C4244: '=': conversion from 'int' to 'float', possible loss of data
c:\users\dell\gamedirectx\mmx3\demodirectx\demodirectx\gameobjects\entity\entity.h(77): warning C4244: 'return': conversion from 'float' to 'int', possible loss of data
c:\users\dell\gamedirectx\mmx3\demodirectx\demodirectx\gameobjects\enemies\banger\bangerbullet\bangerbullet.cpp(10): warning C4305: 'argument': truncation from 'D3DCOLOR' to 'float'
c:\users\dell\gamedirectx\mmx3\demodirectx\demodirectx\gameobjects\enemies\banger\bangerbullet\bangerbullet.cpp(11): warning C4305: 'argument': truncation from 'double' to 'float'
c:\users\dell\gamedirectx\mmx3\demodirectx\demodirectx\gameobjects\enemies\banger\bangerbullet\bangerbullet.cpp(33): warning C4244: '=': conversion from 'float' to 'LONG', possible loss of data
c:\users\dell\gamedirectx\mmx3\demodirectx\demodirectx\gameobjects\enemies\banger\bangerbullet\bangerbullet.cpp(34): warning C4244: '=': conversion from 'float' to 'LONG', possible loss of data
c:\users\dell\gamedirectx\mmx3\demodirectx\demodirectx\gameobjects\enemies\banger\bangerbullet\bangerbullet.cpp(35): warning C4244: '=': conversion from 'float' to 'LONG', possible loss of data
c:\users\dell\gamedirectx\mmx3\demodirectx\demodirectx\gameobjects\enemies\banger\bangerbullet\bangerbullet.cpp(36): warning C4244: '=': conversion from 'float' to 'LONG', possible loss of data
c:\users\dell\gamedirectx\mmx3\demodirectx\demodirectx\gameobjects\enemies\banger\bangerbullet\bangerbullet.cpp(40): warning C4244: '=': conversion from 'float' to 'LONG', possible loss of data
c:\users\dell\gamedirectx\mmx3\demodirectx\demodirectx\gameobjects\enemies\banger\bangerbullet\bangerbullet.cpp(42): warning C4244: '=': conversion from 'float' to 'LONG', possible loss of data
c:\users\dell\gamedirectx\mmx3\demodirectx\demodirectx\gameobjects\enemies\banger\bangerbullet\bangerbullet.cpp(119): warning C4305: 'argument': truncation from 'double' to 'float'
  Generating Code...
  DemoDirectX.vcxproj -> C:\Users\DELL\GameDirectX\MMX3\DemoDirectX\Debug\DemoDirectX.exe
