  Enemies.cpp
c:\users\dell\gamedirectx\mmx3\directxgame\demodirectx\enemies.cpp(8): warning C4305: 'argument': truncation from 'double' to 'float'
c:\users\dell\gamedirectx\mmx3\directxgame\demodirectx\enemies.cpp(25): warning C4305: 'argument': truncation from 'double' to 'float'
c:\users\dell\gamedirectx\mmx3\directxgame\demodirectx\enemies.cpp(28): warning C4305: 'argument': truncation from 'double' to 'float'
c:\users\dell\gamedirectx\mmx3\directxgame\demodirectx\enemies.cpp(31): warning C4305: 'argument': truncation from 'double' to 'float'
c:\users\dell\gamedirectx\mmx3\directxgame\demodirectx\enemies.cpp(34): warning C4305: 'argument': truncation from 'double' to 'float'
c:\users\dell\gamedirectx\mmx3\directxgame\demodirectx\enemies.cpp(57): warning C4244: '=': conversion from 'float' to 'LONG', possible loss of data
c:\users\dell\gamedirectx\mmx3\directxgame\demodirectx\enemies.cpp(58): warning C4244: '=': conversion from 'float' to 'LONG', possible loss of data
c:\users\dell\gamedirectx\mmx3\directxgame\demodirectx\enemies.cpp(59): warning C4244: '=': conversion from 'float' to 'LONG', possible loss of data
c:\users\dell\gamedirectx\mmx3\directxgame\demodirectx\enemies.cpp(60): warning C4244: '=': conversion from 'float' to 'LONG', possible loss of data
  EnemiesAttackState.cpp
  EnemiesFallState.cpp
  EnemiesJumpState.cpp
  EnemiesStandState.cpp
  EnemiesState.cpp
  Camera.cpp
c:\users\dell\gamedirectx\mmx3\directxgame\demodirectx\gamecomponents\camera.cpp(41): warning C4244: '=': conversion from 'float' to 'LONG', possible loss of data
c:\users\dell\gamedirectx\mmx3\directxgame\demodirectx\gamecomponents\camera.cpp(43): warning C4244: '=': conversion from 'float' to 'LONG', possible loss of data
  Game.cpp
c:\users\dell\gamedirectx\mmx3\directxgame\demodirectx\gamecomponents\game.cpp(10): warning C4244: '=': conversion from 'int' to 'float', possible loss of data
c:\users\dell\gamedirectx\mmx3\directxgame\demodirectx\gamecomponents\game.cpp(71): warning C4244: 'argument': conversion from 'float' to 'DWORD', possible loss of data
  GameGlobal.cpp
  Sprite.cpp
c:\users\dell\gamedirectx\mmx3\directxgame\demodirectx\gamecomponents\sprite.cpp(95): warning C4244: '=': conversion from 'double' to 'float', possible loss of data
  Brick.cpp
  GamePlayer.cpp
c:\users\dell\gamedirectx\mmx3\directxgame\demodirectx\gameobjects\player\gameplayer.cpp(15): warning C4305: 'argument': truncation from 'double' to 'float'
c:\users\dell\gamedirectx\mmx3\directxgame\demodirectx\gameobjects\player\gameplayer.cpp(45): warning C4305: 'argument': truncation from 'double' to 'float'
c:\users\dell\gamedirectx\mmx3\directxgame\demodirectx\gameobjects\player\gameplayer.cpp(51): warning C4305: 'argument': truncation from 'double' to 'float'
c:\users\dell\gamedirectx\mmx3\directxgame\demodirectx\gameobjects\player\gameplayer.cpp(54): warning C4305: 'argument': truncation from 'double' to 'float'
c:\users\dell\gamedirectx\mmx3\directxgame\demodirectx\gameobjects\player\gameplayer.cpp(57): warning C4305: 'argument': truncation from 'double' to 'float'
c:\users\dell\gamedirectx\mmx3\directxgame\demodirectx\gameobjects\player\gameplayer.cpp(60): warning C4305: 'argument': truncation from 'double' to 'float'
c:\users\dell\gamedirectx\mmx3\directxgame\demodirectx\gameobjects\player\gameplayer.cpp(63): warning C4305: 'argument': truncation from 'double' to 'float'
c:\users\dell\gamedirectx\mmx3\directxgame\demodirectx\gameobjects\player\gameplayer.cpp(66): warning C4305: 'argument': truncation from 'double' to 'float'
c:\users\dell\gamedirectx\mmx3\directxgame\demodirectx\gameobjects\player\gameplayer.cpp(201): warning C4244: '=': conversion from 'float' to 'LONG', possible loss of data
c:\users\dell\gamedirectx\mmx3\directxgame\demodirectx\gameobjects\player\gameplayer.cpp(202): warning C4244: '=': conversion from 'float' to 'LONG', possible loss of data
c:\users\dell\gamedirectx\mmx3\directxgame\demodirectx\gameobjects\player\gameplayer.cpp(203): warning C4244: '=': conversion from 'float' to 'LONG', possible loss of data
c:\users\dell\gamedirectx\mmx3\directxgame\demodirectx\gameobjects\player\gameplayer.cpp(204): warning C4244: '=': conversion from 'float' to 'LONG', possible loss of data
  AppearState.cpp
  BleedState.cpp
c:\users\dell\gamedirectx\mmx3\directxgame\demodirectx\gameobjects\player\gamestate\bleedstate\bleedstate.cpp(16): warning C4305: 'argument': truncation from 'double' to 'float'
  DashState.cpp
  DieState.cpp
c:\users\dell\gamedirectx\mmx3\directxgame\demodirectx\gameobjects\player\gamestate\diestate\diestate.cpp(7): warning C4305: 'argument': truncation from 'double' to 'float'
  FallState.cpp
  GameState.cpp
  ClimbState.cpp
  ClingState.cpp
c:\users\dell\gamedirectx\mmx3\directxgame\demodirectx\gameobjects\player\gamestate\jumpstate\clingstate.cpp(38): warning C4305: '=': truncation from 'double' to 'float'
c:\users\dell\gamedirectx\mmx3\directxgame\demodirectx\gameobjects\player\gamestate\jumpstate\clingstate.cpp(47): warning C4305: '=': truncation from 'double' to 'float'
  Generating Code...
  Compiling...
  JumpState.cpp
  RunState.cpp
  SlipDownState.cpp
  StandState.cpp
  FinishState.cpp
  DemoScene.cpp
c:\users\dell\gamedirectx\mmx3\directxgame\demodirectx\scenes\demoscene.cpp(15): warning C4244: 'argument': conversion from 'int' to 'float', possible loss of data
  Generating Code...
  DemoDirectX.vcxproj -> C:\Users\DELL\GameDirectX\MMX3\DirectXGame\Debug\DemoDirectX.exe
